c:\users\p.anvesh\desktop\from git\quan_trading\quanttrading-system\trader\x64\debug\trader.pch
c:\users\p.anvesh\desktop\from git\quan_trading\quanttrading-system\trader\x64\debug\vc142.pdb
c:\users\p.anvesh\desktop\from git\quan_trading\quanttrading-system\trader\x64\debug\vc142.idb
c:\users\p.anvesh\desktop\from git\quan_trading\quanttrading-system\trader\x64\debug\pch.obj
c:\users\p.anvesh\desktop\from git\quan_trading\quanttrading-system\trader\x64\debug\dllmain.obj
c:\users\p.anvesh\desktop\from git\quan_trading\quanttrading-system\trader\x64\debug\trader.obj
c:\users\p.anvesh\desktop\from git\quan_trading\quanttrading-system\x64\debug\trader.dll
c:\users\p.anvesh\desktop\from git\quan_trading\quanttrading-system\trader\x64\debug\trader.ilk
c:\users\p.anvesh\desktop\from git\quan_trading\quanttrading-system\x64\debug\trader.pdb
c:\users\p.anvesh\desktop\from git\quan_trading\quanttrading-system\x64\debug\trader.lib
c:\users\p.anvesh\desktop\from git\quan_trading\quanttrading-system\x64\debug\trader.exp
c:\users\p.anvesh\desktop\from git\quan_trading\quanttrading-system\trader\x64\debug\trader.tlog\cl.command.1.tlog
c:\users\p.anvesh\desktop\from git\quan_trading\quanttrading-system\trader\x64\debug\trader.tlog\cl.read.1.tlog
c:\users\p.anvesh\desktop\from git\quan_trading\quanttrading-system\trader\x64\debug\trader.tlog\cl.write.1.tlog
c:\users\p.anvesh\desktop\from git\quan_trading\quanttrading-system\trader\x64\debug\trader.tlog\link.22180.delete.1.tlog
c:\users\p.anvesh\desktop\from git\quan_trading\quanttrading-system\trader\x64\debug\trader.tlog\link.27732.delete.1.tlog
c:\users\p.anvesh\desktop\from git\quan_trading\quanttrading-system\trader\x64\debug\trader.tlog\link.command.1.tlog
c:\users\p.anvesh\desktop\from git\quan_trading\quanttrading-system\trader\x64\debug\trader.tlog\link.delete.1.tlog
c:\users\p.anvesh\desktop\from git\quan_trading\quanttrading-system\trader\x64\debug\trader.tlog\link.read.1.tlog
c:\users\p.anvesh\desktop\from git\quan_trading\quanttrading-system\trader\x64\debug\trader.tlog\link.write.1.tlog
c:\users\p.anvesh\desktop\from git\quan_trading\quanttrading-system\trader\x64\debug\trader.tlog\trader.write.1u.tlog
